{
  "RSpec": {
    "coverage": {
      "/home/codio/workspace/project/Steel-city/src/app.rb": {
        "lines": [
          null,
          1,
          1,
          1,
          1,
          1,
          null,
          null,
          1,
          null,
          null,
          1,
          1,
          1,
          null,
          1,
          null,
          null,
          1,
          null,
          null,
          1,
          null,
          null,
          1
        ]
      },
      "/home/codio/workspace/project/Steel-city/src/models/ActivatedCampaign.rb": {
        "lines": [
          1,
          null,
          1,
          null
        ]
      },
      "/home/codio/workspace/project/Steel-city/src/models/BoughtStory.rb": {
        "lines": [
          1,
          null,
          1,
          3,
          null,
          null,
          null
        ]
      },
      "/home/codio/workspace/project/Steel-city/src/models/Like.rb": {
        "lines": [
          1,
          null,
          1,
          null
        ]
      },
      "/home/codio/workspace/project/Steel-city/src/models/Poll.rb": {
        "lines": [
          1,
          null,
          1,
          null
        ]
      },
      "/home/codio/workspace/project/Steel-city/src/models/PollOption.rb": {
        "lines": [
          1,
          null,
          1,
          null
        ]
      },
      "/home/codio/workspace/project/Steel-city/src/models/PremiumSubscription.rb": {
        "lines": [
          1,
          null,
          1,
          null,
          null
        ]
      },
      "/home/codio/workspace/project/Steel-city/src/models/PromotionalCapaign.rb": {
        "lines": [
          1,
          null,
          1,
          null
        ]
      },
      "/home/codio/workspace/project/Steel-city/src/models/StaffContact.rb": {
        "lines": [
          1,
          null,
          1,
          null
        ]
      },
      "/home/codio/workspace/project/Steel-city/src/models/Story.rb": {
        "lines": [
          1,
          1,
          1,
          null,
          1,
          1,
          0,
          null,
          null,
          0,
          null,
          null,
          null,
          null,
          null,
          0,
          null,
          null,
          null,
          0,
          null,
          null,
          null,
          null,
          0,
          0,
          null,
          0,
          null,
          null
        ]
      },
      "/home/codio/workspace/project/Steel-city/src/models/Subscription.rb": {
        "lines": [
          1,
          null,
          1,
          null
        ]
      },
      "/home/codio/workspace/project/Steel-city/src/models/User.rb": {
        "lines": [
          1,
          null,
          1,
          1,
          2,
          2,
          null,
          2,
          null,
          2,
          2,
          2,
          null,
          null
        ]
      },
      "/home/codio/workspace/project/Steel-city/src/models/Vote.rb": {
        "lines": [
          1,
          null,
          1,
          null
        ]
      },
      "/home/codio/workspace/project/Steel-city/src/controllers/general.rb": {
        "lines": [
          1,
          null,
          null,
          1,
          0,
          null,
          null,
          null,
          1,
          19,
          19,
          19,
          null,
          null,
          null,
          null,
          null,
          null,
          19,
          null,
          null,
          null,
          1,
          1,
          1,
          null,
          null,
          null,
          1,
          7,
          null,
          7,
          7,
          7,
          null,
          0,
          null,
          7,
          null,
          7,
          null,
          null,
          null,
          1,
          1,
          1,
          null,
          null,
          null,
          1,
          0,
          0,
          null,
          null,
          null,
          1,
          5,
          null,
          null,
          null,
          1,
          14,
          14,
          14,
          14,
          14,
          14,
          14,
          14,
          null,
          14,
          14,
          14,
          14,
          14,
          14,
          1,
          13,
          1,
          12,
          1,
          1,
          11,
          1,
          10,
          1,
          9,
          0,
          null,
          9,
          9,
          9,
          9,
          9,
          9,
          9,
          9,
          9,
          9,
          9,
          9,
          9,
          9,
          9,
          9,
          9,
          9,
          0,
          0,
          0,
          0,
          0,
          0,
          null,
          9,
          9,
          9,
          null,
          null,
          0,
          null,
          14,
          null,
          5,
          null,
          null,
          null,
          1,
          13,
          13,
          13,
          13,
          13,
          13,
          13,
          null,
          null,
          null,
          1,
          10,
          10,
          10,
          null,
          null,
          10,
          9,
          null,
          8,
          8,
          null,
          8,
          7,
          7,
          null,
          7,
          2,
          5,
          0,
          5,
          5,
          0,
          0,
          null,
          7,
          7,
          7,
          7,
          null,
          1,
          null,
          null,
          1,
          null,
          null,
          1,
          null,
          3,
          null,
          null,
          null,
          1,
          7,
          7,
          null,
          null,
          null,
          1,
          0,
          0,
          0,
          null,
          0,
          0,
          0,
          null,
          0,
          null,
          0,
          null,
          0,
          null,
          null,
          null,
          1,
          0,
          0,
          0,
          0,
          null,
          0,
          0,
          0,
          0,
          0,
          0,
          0,
          null,
          0,
          0,
          null,
          null,
          0,
          null,
          0,
          null,
          0,
          null,
          null,
          null,
          1,
          0,
          null,
          0,
          0,
          null,
          0,
          0,
          0,
          null,
          0,
          null,
          0,
          null,
          0,
          0,
          0,
          null,
          null,
          null,
          1,
          null,
          20,
          20,
          20,
          20,
          40,
          20,
          5,
          null,
          15,
          null,
          0,
          0,
          null,
          20,
          null,
          null,
          null,
          null,
          1,
          null,
          5,
          5,
          5,
          5,
          5,
          null,
          0,
          null,
          0,
          0,
          null,
          5,
          null,
          null,
          null,
          null,
          1,
          null,
          0,
          0,
          0,
          0,
          null,
          0,
          null,
          null,
          null,
          null,
          null,
          null,
          null,
          0,
          0,
          null,
          0,
          null,
          null,
          null,
          null,
          1,
          null,
          5,
          5,
          5,
          5,
          0,
          null,
          5,
          null,
          0,
          0,
          null,
          5,
          null,
          null,
          null,
          null,
          1,
          0,
          null,
          0,
          0,
          0,
          0,
          0,
          0,
          0,
          0,
          0,
          0,
          0,
          0,
          0,
          0,
          0,
          0,
          null,
          0,
          null,
          0,
          null,
          null,
          null,
          null,
          1,
          null,
          7,
          7,
          7,
          7,
          0,
          0,
          0,
          0,
          0,
          0,
          0,
          null,
          0,
          0,
          null,
          7,
          null,
          null,
          null,
          1,
          null,
          11,
          11,
          11,
          11,
          null,
          0,
          null,
          null,
          null,
          null,
          0,
          0,
          null,
          11,
          null,
          null
        ]
      },
      "/home/codio/workspace/project/Steel-city/src/controllers/poll_controller.rb": {
        "lines": [
          1,
          null,
          null,
          1,
          0,
          0,
          null,
          null,
          null,
          1,
          0,
          0,
          0,
          null,
          0,
          0,
          0,
          0,
          0,
          0,
          0,
          0,
          0,
          0,
          null,
          0,
          null,
          0,
          null,
          0,
          null,
          null,
          null,
          1,
          0,
          0,
          0,
          0,
          0,
          null,
          null,
          0,
          0,
          0,
          0,
          0,
          0,
          0,
          0,
          null,
          null,
          0,
          null,
          0,
          null,
          0,
          0,
          null,
          null,
          null,
          1,
          null,
          0,
          0,
          0,
          0,
          0,
          null,
          0,
          null,
          0,
          0,
          null,
          0,
          null,
          null,
          null,
          null,
          1,
          null,
          0,
          0,
          0,
          0,
          null,
          0,
          null,
          null,
          null,
          0,
          0,
          null,
          0,
          null,
          null,
          null,
          null,
          1,
          null,
          0,
          0,
          0,
          0,
          null,
          0,
          null,
          null,
          null,
          null,
          0,
          0,
          null,
          0,
          null,
          null,
          null,
          null,
          1,
          null,
          0,
          0,
          0,
          0,
          0,
          null,
          0,
          null,
          0,
          0,
          null,
          0,
          null,
          null,
          null,
          null,
          1,
          0,
          0,
          0,
          null,
          0,
          0,
          0,
          0,
          0,
          0,
          null,
          null,
          0,
          0,
          0,
          0,
          0,
          null,
          null,
          0,
          0,
          0,
          0,
          0,
          null,
          0,
          null,
          0,
          null,
          0,
          null,
          null,
          1,
          null,
          0,
          0,
          0,
          0,
          0,
          null,
          0,
          null,
          0,
          0,
          null,
          0,
          null,
          null,
          null,
          1,
          0,
          0,
          null,
          0,
          0,
          0,
          0,
          0,
          0,
          0,
          0,
          0,
          0,
          0,
          0,
          null,
          0,
          null,
          0,
          null,
          0,
          null
        ]
      },
      "/home/codio/workspace/project/Steel-city/src/controllers/staff_controller.rb": {
        "lines": [
          1,
          null,
          null,
          1,
          6,
          6,
          null,
          null,
          null,
          1,
          1,
          1,
          null,
          null,
          null,
          1,
          6,
          6,
          null,
          6,
          6,
          6,
          6,
          1,
          1,
          null,
          5,
          5,
          null,
          null,
          0,
          null,
          6,
          null,
          6,
          null,
          null,
          null,
          1,
          1,
          1,
          null,
          1,
          1,
          1,
          1,
          0,
          0,
          null,
          1,
          1,
          null,
          null,
          0,
          null,
          1,
          null,
          1,
          null,
          null,
          null,
          1,
          1,
          null,
          1,
          0,
          null,
          1,
          1,
          1,
          null,
          0,
          null,
          1,
          null,
          1,
          1,
          null,
          null,
          null,
          1,
          0,
          null,
          0,
          0,
          null,
          0,
          0,
          0,
          null,
          0,
          null,
          0,
          null,
          0,
          0,
          null,
          null,
          null,
          null,
          null,
          1,
          2,
          2,
          null,
          2,
          0,
          null,
          2,
          2,
          2,
          2,
          2,
          2,
          null,
          0,
          null,
          2,
          null,
          2,
          2,
          null,
          null,
          null,
          1,
          0,
          0,
          null,
          0,
          0,
          null,
          0,
          0,
          0,
          null,
          0,
          null,
          0,
          null,
          0,
          0,
          null,
          null,
          null,
          1,
          0,
          0,
          0,
          0,
          null,
          0,
          0,
          0,
          0,
          0,
          0,
          0,
          0,
          0,
          0,
          null,
          0,
          null,
          null,
          0,
          null,
          0,
          null,
          0,
          null,
          null,
          null,
          1,
          1,
          null,
          1,
          1,
          1,
          1,
          null,
          3,
          null,
          null,
          null,
          null,
          null,
          null,
          0,
          0,
          null,
          1,
          null,
          null,
          null,
          null,
          1,
          4,
          4,
          4,
          4,
          4,
          4,
          null,
          4,
          1,
          3,
          1,
          2,
          1,
          null,
          null,
          1,
          1,
          1,
          1,
          0,
          null,
          1,
          1,
          1,
          1,
          1,
          1,
          1,
          1,
          1,
          1,
          null,
          0,
          null,
          1,
          null,
          null,
          null,
          4,
          null,
          null,
          null,
          1,
          0,
          0,
          0,
          null,
          0,
          0,
          0,
          0,
          0,
          0,
          0,
          0,
          0,
          null,
          0,
          null,
          0,
          null,
          0,
          null,
          null,
          null,
          1,
          0,
          null,
          0,
          0,
          0,
          null,
          0,
          null,
          0,
          null,
          0,
          null,
          null,
          1,
          null,
          8,
          8,
          8,
          8,
          null,
          0,
          null,
          8,
          null,
          0,
          null
        ]
      },
      "/home/codio/workspace/project/Steel-city/src/controllers/store_controller.rb": {
        "lines": [
          1,
          null,
          1,
          1,
          1,
          1,
          null,
          null,
          null,
          null,
          null,
          null,
          null,
          1,
          null,
          null,
          null,
          null,
          1,
          null,
          null,
          null,
          null,
          1,
          null,
          null,
          1,
          1,
          0,
          0,
          0,
          0,
          0,
          0,
          null,
          0,
          null,
          1,
          1,
          1,
          1,
          null,
          1,
          1,
          null,
          null,
          1,
          0,
          0,
          null,
          null,
          1,
          0,
          0,
          null,
          0,
          null,
          0,
          0,
          null,
          null,
          1,
          0,
          0,
          0,
          0,
          0,
          null,
          0,
          0,
          0,
          null,
          null,
          0,
          0,
          0,
          null,
          0,
          null,
          null,
          0,
          0,
          0,
          null,
          null,
          null,
          0,
          0,
          0,
          0,
          0,
          0,
          0,
          null,
          null,
          1,
          0,
          0,
          0,
          null,
          0,
          null,
          0,
          0,
          0,
          0,
          0,
          0,
          null,
          null,
          1,
          0,
          0,
          null,
          0,
          0,
          null,
          0,
          null,
          0,
          null
        ]
      },
      "/home/codio/workspace/project/Steel-city/src/controllers/story_controller.rb": {
        "lines": [
          1,
          null,
          null,
          1,
          2,
          2,
          null,
          null,
          null,
          1,
          2,
          2,
          null,
          null,
          2,
          2,
          null,
          null,
          null,
          null,
          2,
          2,
          1,
          1,
          null,
          null,
          1,
          1,
          1,
          1,
          null,
          null,
          1,
          1,
          null,
          1,
          1,
          1,
          1,
          1,
          1,
          1,
          null,
          1,
          null,
          1,
          null,
          null,
          0,
          null,
          2,
          null,
          1,
          null,
          null,
          null,
          1,
          1,
          1,
          1,
          null,
          null,
          null,
          1,
          null,
          null,
          3,
          3,
          3,
          3,
          null,
          null,
          3,
          3,
          3,
          null,
          3,
          0,
          null,
          null,
          3,
          3,
          0,
          0,
          0,
          null,
          3,
          3,
          3,
          null,
          null,
          3,
          3,
          3,
          3,
          null,
          3,
          3,
          3,
          null,
          0,
          null,
          3,
          null,
          null,
          null,
          3,
          null,
          null,
          null,
          1,
          2,
          2,
          2,
          2,
          2,
          2,
          2,
          2,
          0,
          null,
          null,
          2,
          2,
          2,
          2,
          2,
          2,
          2,
          2,
          2,
          2,
          2,
          2,
          0,
          0,
          0,
          0,
          0,
          0,
          0,
          null,
          null,
          0,
          null,
          2,
          null,
          0,
          0,
          null,
          null,
          null,
          1,
          0,
          null,
          0,
          0,
          0,
          0,
          null,
          0,
          null,
          null,
          null,
          null,
          null,
          0,
          null,
          0,
          null,
          null,
          0,
          null,
          null,
          null,
          1,
          4,
          4,
          4,
          null,
          4,
          4,
          null,
          4,
          4,
          null,
          4,
          null,
          2,
          null,
          null,
          null,
          null,
          4,
          null,
          1,
          null,
          null,
          null,
          null,
          null,
          null,
          0,
          null,
          4,
          null,
          4,
          null,
          null,
          null,
          1,
          null,
          0,
          0,
          0,
          0,
          0,
          null,
          0,
          null,
          0,
          0,
          null,
          0,
          null,
          null,
          null,
          null,
          1,
          1,
          null,
          1,
          1,
          1,
          1,
          1,
          1,
          1,
          1,
          null,
          0,
          null,
          1,
          null,
          null,
          1,
          null,
          null,
          null,
          1,
          0,
          0,
          0,
          0,
          0,
          0,
          0,
          0,
          0,
          0,
          null,
          null,
          0,
          0,
          0,
          0,
          0,
          null,
          0,
          null,
          0,
          null,
          0,
          null,
          null,
          1,
          0,
          0,
          null,
          0,
          0,
          0,
          0,
          0,
          0,
          0,
          0,
          0,
          null,
          0,
          null,
          0,
          null,
          0,
          0,
          null,
          null,
          1,
          null,
          3,
          3,
          3,
          3,
          3,
          3,
          3,
          null,
          0,
          null,
          0,
          0,
          null,
          3,
          null,
          null,
          null,
          1,
          0,
          0,
          null,
          0,
          0,
          0,
          0,
          0,
          null,
          0,
          null,
          0,
          null,
          0,
          0,
          null,
          null,
          1,
          null,
          3,
          3,
          3,
          3,
          3,
          null,
          0,
          null,
          0,
          0,
          null,
          3,
          null,
          null,
          null,
          1,
          0,
          null,
          0,
          0,
          0,
          0,
          0,
          0,
          0,
          0,
          0,
          0,
          null,
          0,
          null,
          0,
          null,
          0,
          0,
          null
        ]
      }
    },
    "timestamp": 1715337709
  }
}
